<?xml version="1.0" encoding="UTF-8"?>
<!-- Generated by org.testng.reporters.JUnitXMLReporter -->
<testsuite hostname="DESKTOP-E1K2OQS" name="LinksCount" tests="1" failures="1" timestamp="6 Nov 2019 17:29:19 GMT" time="53.848" errors="0">
  <testcase name="LinkCounts" time="24.621" classname="SeleniumLearn1.LinksCountTest">
    <failure type="java.lang.AssertionError" message="expected [false] but found [true]">
      <![CDATA[java.lang.AssertionError: expected [false] but found [true]
	at SeleniumLearn1.LinksCountTest.LinkCounts(LinksCountTest.java:64)
... Removed 28 stack frames]]>
    </failure>
  </testcase> <!-- LinkCounts -->
</testsuite> <!-- LinksCount -->
