<?xml version="1.0" encoding="UTF-8"?>
<!-- Generated by org.testng.reporters.JUnitXMLReporter -->
<testsuite hostname="DESKTOP-E1K2OQS" name="Actions" tests="3" failures="0" timestamp="6 Nov 2019 17:38:46 GMT" time="46.049" errors="0">
  <testcase name="ActionsClassPrctice" time="24.938" classname="SeleniumLearn1.ActionsClassTest"/>
  <testcase name="FramesPractice" time="9.32" classname="SeleniumLearn1.ActionsClassTest"/>
  <testcase name="MultipleWindows" time="11.6" classname="SeleniumLearn1.ActionsClassTest"/>
</testsuite> <!-- Actions -->
