<?xml version="1.0" encoding="UTF-8"?>
<!-- Generated by org.testng.reporters.JUnitXMLReporter -->
<testsuite hostname="DESKTOP-E1K2OQS" name="QAClickAcademy" tests="7" failures="0" timestamp="6 Nov 2019 17:43:59 GMT" time="213.469" errors="0">
  <testcase name="AlertExample" time="34.399" classname="SeleniumLearn1.QAClickAcademyTest"/>
  <testcase name="AutoSuggestive" time="32.893" classname="SeleniumLearn1.QAClickAcademyTest"/>
  <testcase name="CheckBoxPractice" time="21.004" classname="SeleniumLearn1.QAClickAcademyTest"/>
  <testcase name="NavigationBarIsDisplayed" time="12.94" classname="SeleniumLearn1.QAClickAcademyTest"/>
  <testcase name="TablesRowColumnCount" time="13.962" classname="SeleniumLearn1.QAClickAcademyTest"/>
  <testcase name="parametrizationExample" time="40.4" classname="SeleniumLearn1.QAClickAcademyTest"/>
  <testcase name="parametrizationExample" time="57.866" classname="SeleniumLearn1.QAClickAcademyTest"/>
</testsuite> <!-- QAClickAcademy -->
