<?xml version="1.0" encoding="UTF-8"?>
<testsuite xmlns:xsi="http://www.w3.org/2001/XMLSchema-instance" xsi:noNamespaceSchemaLocation="https://maven.apache.org/surefire/maven-surefire-plugin/xsd/surefire-test-report-3.0.xsd" version="3.0" name="TestSuite" time="442.042" tests="16" errors="0" skipped="0" failures="1">
  <properties>
[...]
</properties>
  <testcase name="addToCartItems" classname="SeleniumLearn1.SortingArrayTest" time="20.024"/>
  <testcase name="sortingOfArray" classname="SeleniumLearn1.SortingArrayTest" time="20.707"/>
  <testcase name="MouseOverActions" classname="SeleniumLearn1.SpiceJetTest" time="0.117"/>
  <testcase name="RoundTrip" classname="SeleniumLearn1.SpiceJetTest" time="19.07"/>
  <testcase name="ActionsClassPrctice" classname="SeleniumLearn1.ActionsClassTest" time="24.94"/>
  <testcase name="FramesPractice" classname="SeleniumLearn1.ActionsClassTest" time="9.318"/>
  <testcase name="MultipleWindows" classname="SeleniumLearn1.ActionsClassTest" time="11.6"/>
  <testcase name="TableGrid" classname="SeleniumLearn1.MiscellaneousTest" time="34.154"/>
  <testcase name="LinkCounts" classname="SeleniumLearn1.LinksCountTest" time="28.479">
    <failure message="expected [false] but found [true]" type="java.lang.AssertionError">java.lang.AssertionError: expected [false] but found [true]
	at SeleniumLearn1.LinksCountTest.LinkCounts(LinksCountTest.java:64)
</failure>
    <system-out><![CDATA[Links Count in whole page is : 242
Links Count in footer is  : 43
ordersColumnCount 4
Title of Child Window is : Price Match Guarantee - Best Buy
2019-11-06 11:40:03,091 main ERROR Unable to rename file C:\Users\dinav\Practice1\.\logs\prints.log to C:\Users\dinav\Practice1\.\logs\prints-2019:11:06.log: java.nio.file.InvalidPathException Illegal char <:> at index 43: C:\Users\dinav\Practice1\.\logs\prints-2019:11:06.log
Title of Child Window is : Best Buy Return & Exchange Policy - Best Buy
Title of Child Window is : Best Buy Shipping Delivery and Store Pickup
Title of Child Window is : Sign In for Order Status
Title of parent  Window is : On Sale All Washers & Dryers - Best Buy
]]></system-out>
    <system-err><![CDATA[Starting ChromeDriver 2.35.528161 (5b82f2d2aae0ca24b877009200ced9065a772e73) on port 27788
Only local connections are allowed.
Nov 06, 2019 11:39:25 AM org.openqa.selenium.remote.ProtocolHandshake createSession
INFO: Detected dialect: OSS
]]></system-err>
  </testcase>
  <testcase name="AlertExample" classname="SeleniumLearn1.QAClickAcademyTest" time="34.398"/>
  <testcase name="AutoSuggestive" classname="SeleniumLearn1.QAClickAcademyTest" time="32.893"/>
  <testcase name="CheckBoxPractice" classname="SeleniumLearn1.QAClickAcademyTest" time="21.004"/>
  <testcase name="NavigationBarIsDisplayed" classname="SeleniumLearn1.QAClickAcademyTest" time="12.945"/>
  <testcase name="TablesRowColumnCount" classname="SeleniumLearn1.QAClickAcademyTest" time="13.957"/>
  <testcase name="parametrizationExample" classname="SeleniumLearn1.QAClickAcademyTest" time="40.4"/>
  <testcase name="parametrizationExample" classname="SeleniumLearn1.QAClickAcademyTest" time="57.865"/>
</testsuite>