<?xml version="1.0" encoding="UTF-8"?>
<testng-results skipped="0" failed="0" total="1" passed="1">
  <reporter-output>
  </reporter-output>
  <suite name="Default suite" duration-ms="364" started-at="2019-11-06T21:04:28Z" finished-at="2019-11-06T21:04:28Z">
    <groups>
    </groups>
    <test name="Default test" duration-ms="364" started-at="2019-11-06T21:04:28Z" finished-at="2019-11-06T21:04:28Z">
      <class name="SeleniumLearn1.DataBaseConnectionTest">
        <test-method status="PASS" signature="getDatafromDataBase()[pri:0, instance:SeleniumLearn1.DataBaseConnectionTest@47af7f3d]" name="getDatafromDataBase" duration-ms="348" started-at="2019-11-06T15:04:28Z" finished-at="2019-11-06T15:04:28Z">
          <reporter-output>
          </reporter-output>
        </test-method> <!-- getDatafromDataBase -->
      </class> <!-- SeleniumLearn1.DataBaseConnectionTest -->
    </test> <!-- Default test -->
  </suite> <!-- Default suite -->
</testng-results>
